<?xml version="1.0" encoding="UTF-8"?>
<!-- Generated by org.testng.reporters.JUnitReportReporter -->
<testsuite hostname="DESKTOP-UO95ULH" failures="0" tests="3" name="testNG.Day03_DependentOnMethods" time="0.011" errors="0" timestamp="2021-06-15T19:12:28 EDT" skipped="0">
  <testcase classname="testNG.Day03_DependentOnMethods" name="login" time="0.006"/>
  <system-out/>
  <testcase classname="testNG.Day03_DependentOnMethods" name="logout" time="0.002"/>
  <system-out/>
  <testcase classname="testNG.Day03_DependentOnMethods" name="verifyLogo" time="0.003"/>
  <system-out/>
</testsuite> <!-- testNG.Day03_DependentOnMethods -->
