<?xml version="1.0" encoding="UTF-8"?>
<!-- Generated by org.testng.reporters.JUnitReportReporter -->
<testsuite hostname="DESKTOP-UO95ULH" failures="0" tests="2" name="testNG.Day05_DataProvider" time="0.007" errors="0" timestamp="2021-06-15T21:13:20 EDT" skipped="0">
  <testcase classname="testNG.Day05_DataProvider" name="login" time="0.006"/>
  <system-out/>
  <testcase classname="testNG.Day05_DataProvider" name="login" time="0.001"/>
  <system-out/>
</testsuite> <!-- testNG.Day05_DataProvider -->
