<?xml version="1.0" encoding="UTF-8"?>
<!-- Generated by org.testng.reporters.JUnitReportReporter -->
<testsuite hostname="DESKTOP-UO95ULH" failures="0" tests="1" name="testNG.Day04_Parameterization" time="0.005" errors="0" timestamp="2021-06-15T19:55:16 EDT" skipped="0">
  <testcase classname="testNG.Day04_Parameterization" name="login" time="0.005"/>
  <system-out/>
</testsuite> <!-- testNG.Day04_Parameterization -->
