<?xml version="1.0" encoding="UTF-8"?>
<!-- Generated by org.testng.reporters.JUnitReportReporter -->
<testsuite hostname="DESKTOP-UO95ULH" failures="0" tests="2" name="testNG.Day01_TestNG" time="0.003" errors="0" timestamp="2021-06-14T20:49:50 EDT" skipped="0">
  <testcase classname="testNG.Day01_TestNG" name="methodTweleve" time="0.002"/>
  <system-out/>
  <testcase classname="testNG.Day01_TestNG" name="methodOne" time="0.001"/>
  <system-out/>
</testsuite> <!-- testNG.Day01_TestNG -->
