<?xml version="1.0" encoding="UTF-8"?>
<!-- Generated by org.testng.reporters.JUnitReportReporter -->
<testsuite hostname="DESKTOP-UO95ULH" failures="0" tests="5" name="testNG.Day01_LoginTest" time="15.470" errors="0" timestamp="2021-06-14T21:32:59 EDT" skipped="0">
  <testcase classname="testNG.Day01_LoginTest" name="verifyPoweredBy" time="3.298"/>
  <system-out/>
  <testcase classname="testNG.Day01_LoginTest" name="verifyLogo" time="2.890"/>
  <system-out/>
  <testcase classname="testNG.Day01_LoginTest" name="title" time="2.783"/>
  <system-out/>
  <testcase classname="testNG.Day01_LoginTest" name="loginTest" time="3.667"/>
  <system-out/>
  <testcase classname="testNG.Day01_LoginTest" name="url" time="2.832"/>
  <system-out/>
</testsuite> <!-- testNG.Day01_LoginTest -->
