<?xml version="1.0" encoding="UTF-8"?>
<!-- Generated by org.testng.reporters.JUnitReportReporter -->
<testsuite hostname="DESKTOP-UO95ULH" failures="0" tests="6" name="testNG.Day02_Priority" time="0.005" errors="0" timestamp="2021-06-14T20:49:50 EDT" skipped="0">
  <testcase classname="testNG.Day02_Priority" name="e" time="0.001"/>
  <system-out/>
  <testcase classname="testNG.Day02_Priority" name="a" time="0.001"/>
  <system-out/>
  <testcase classname="testNG.Day02_Priority" name="f" time="0.001"/>
  <system-out/>
  <testcase classname="testNG.Day02_Priority" name="d" time="0.001"/>
  <system-out/>
  <testcase classname="testNG.Day02_Priority" name="c" time="0.001"/>
  <system-out/>
  <testcase classname="testNG.Day02_Priority" name="b" time="0.000"/>
  <system-out/>
</testsuite> <!-- testNG.Day02_Priority -->
