<?xml version="1.0" encoding="UTF-8"?>
<!-- Generated by org.testng.reporters.JUnitReportReporter -->
<testsuite hostname="DESKTOP-UO95ULH" failures="0" tests="17" name="com.codegator.testscripts.AccountPageTest" time="111.826" errors="0" timestamp="2021-06-24T21:04:41 EDT" skipped="2">
  <testcase classname="com.codegator.testscripts.AccountPageTest" name="accountCreation" time="6.738"/>
  <system-out/>
  <testcase classname="com.codegator.testscripts.AccountPageTest" name="accountCreation" time="6.348"/>
  <system-out/>
  <testcase classname="com.codegator.testscripts.AccountPageTest" name="accountCreation" time="7.234"/>
  <system-out/>
  <testcase classname="com.codegator.testscripts.AccountPageTest" name="accountCreation" time="7.044"/>
  <system-out/>
  <testcase classname="com.codegator.testscripts.AccountPageTest" name="accountCreation" time="9.137"/>
  <system-out/>
  <testcase classname="com.codegator.testscripts.AccountPageTest" name="accountCreation" time="6.665"/>
  <system-out/>
  <testcase classname="com.codegator.testscripts.AccountPageTest" name="accountCreation" time="9.464"/>
  <system-out/>
  <testcase classname="com.codegator.testscripts.AccountPageTest" name="accountCreation" time="7.378"/>
  <system-out/>
  <testcase classname="com.codegator.testscripts.AccountPageTest" name="accountCreation" time="6.307"/>
  <system-out/>
  <testcase classname="com.codegator.testscripts.AccountPageTest" name="accountCreation" time="9.116"/>
  <system-out/>
  <testcase classname="com.codegator.testscripts.AccountPageTest" name="accountCreation" time="7.056"/>
  <system-out/>
  <testcase classname="com.codegator.testscripts.AccountPageTest" name="accountCreation" time="6.766"/>
  <system-out/>
  <testcase classname="com.codegator.testscripts.AccountPageTest" name="accountCreation" time="6.566"/>
  <system-out/>
  <testcase classname="com.codegator.testscripts.AccountPageTest" name="accountCreation" time="6.985"/>
  <system-out/>
  <testcase classname="com.codegator.testscripts.AccountPageTest" name="accountCreation" time="9.022"/>
  <system-out/>
  <testcase classname="com.codegator.testscripts.AccountPageTest" name="verifyActiveField">
    <skipped/>
  </testcase> <!-- verifyActiveField -->
  <system-out/>
  <testcase classname="com.codegator.testscripts.AccountPageTest" name="readExcel">
    <skipped/>
  </testcase> <!-- readExcel -->
  <system-out/>
</testsuite> <!-- com.codegator.testscripts.AccountPageTest -->
