<?xml version="1.0" encoding="UTF-8"?>
<!-- Generated by org.testng.reporters.JUnitReportReporter -->
<testsuite hostname="DESKTOP-UO95ULH" failures="0" tests="1" name="com.codegator.testscripts.LoginPageTest" time="4.651" errors="0" timestamp="2021-06-22T20:13:44 EDT" skipped="0">
  <testcase classname="com.codegator.testscripts.LoginPageTest" name="verifyLoginUsingValidCredentials" time="4.651"/>
  <system-out/>
</testsuite> <!-- com.codegator.testscripts.LoginPageTest -->
