<?xml version="1.0" encoding="UTF-8"?>
<!-- Generated by org.testng.reporters.JUnitReportReporter -->
<testsuite hostname="DESKTOP-UO95ULH" failures="0" tests="1" name="com.codegator.pages.HelloWorld" time="1.834" errors="0" timestamp="2021-07-06T19:14:09 EDT" skipped="0">
  <testcase classname="com.codegator.pages.HelloWorld" name="methodOne" time="1.834"/>
  <system-out/>
</testsuite> <!-- com.codegator.pages.HelloWorld -->
