<?xml version="1.0" encoding="UTF-8"?>
<!-- Generated by org.testng.reporters.JUnitReportReporter -->
<testsuite ignored="0" hostname="DESKTOP-UO95ULH" failures="0" tests="1" name="com.codegator.pages.HelloWorld" time="1.907" errors="0" timestamp="06 Jul 2021 23:16:30 GMT" skipped="0">
  <testcase classname="com.codegator.pages.HelloWorld" name="methodOne" time="1.907"/>
</testsuite> <!-- com.codegator.pages.HelloWorld -->
